<?xml version="1.0" encoding="UTF-8"?>
<!-- Generated by org.testng.reporters.JUnitReportReporter -->
<testsuite hostname="LAPTOP-1BGLIOF3" failures="0" tests="2" name="customer.C2Test" time="0.002" errors="0" timestamp="2023-04-20T11:36:13 IST" skipped="0">
  <testcase classname="customer.C2Test" name="t4" time="0.001"/>
  <system-out/>
  <testcase classname="customer.C2Test" name="t3" time="0.001"/>
  <system-out/>
</testsuite> <!-- customer.C2Test -->
