<?xml version="1.0" encoding="UTF-8"?>
<!-- Generated by org.testng.reporters.JUnitReportReporter -->
<testsuite hostname="LAPTOP-1BGLIOF3" failures="0" tests="2" name="customer.C1Test" time="0.010" errors="0" timestamp="2023-04-20T11:36:13 IST" skipped="0">
  <testcase classname="customer.C1Test" name="t2" time="0.001"/>
  <system-out/>
  <testcase classname="customer.C1Test" name="t1" time="0.009"/>
  <system-out/>
</testsuite> <!-- customer.C1Test -->
