<?xml version="1.0" encoding="UTF-8"?>
<!-- Generated by org.testng.reporters.JUnitReportReporter -->
<testsuite skipped="0" hostname="LAPTOP-1BGLIOF3" name="customer.C1Test" tests="2" failures="0" timestamp="2023-04-20T12:20:55 IST" time="0.007" errors="0">
  <testcase name="t1" time="0.006" classname="customer.C1Test"/>
  <system-out/>
  <testcase name="t2" time="0.001" classname="customer.C1Test"/>
  <system-out/>
</testsuite> <!-- customer.C1Test -->
