<?xml version="1.0" encoding="UTF-8"?>
<!-- Generated by org.testng.reporters.JUnitReportReporter -->
<testsuite skipped="0" hostname="LAPTOP-1BGLIOF3" name="customer.C2Test" tests="2" failures="0" timestamp="2023-04-20T12:20:55 IST" time="0.002" errors="0">
  <testcase name="t4" time="0.001" classname="customer.C2Test"/>
  <system-out/>
  <testcase name="t3" time="0.001" classname="customer.C2Test"/>
  <system-out/>
</testsuite> <!-- customer.C2Test -->
